{"total": {"lines":{"total":5505,"covered":1876,"skipped":0,"pct":34.08},"statements":{"total":6143,"covered":1936,"skipped":0,"pct":31.52},"functions":{"total":1199,"covered":244,"skipped":0,"pct":20.35},"branches":{"total":2221,"covered":256,"skipped":0,"pct":11.53}}
,"/mnt/d/workspace/js/coreService/app.js": {"lines":{"total":33,"covered":33,"skipped":0,"pct":100},"functions":{"total":1,"covered":1,"skipped":0,"pct":100},"statements":{"total":33,"covered":33,"skipped":0,"pct":100},"branches":{"total":0,"covered":0,"skipped":0,"pct":100}}
,"/mnt/d/workspace/js/coreService/app/router.js": {"lines":{"total":224,"covered":224,"skipped":0,"pct":100},"functions":{"total":1,"covered":1,"skipped":0,"pct":100},"statements":{"total":224,"covered":224,"skipped":0,"pct":100},"branches":{"total":0,"covered":0,"skipped":0,"pct":100}}
,"/mnt/d/workspace/js/coreService/app/controller/apply.js": {"lines":{"total":31,"covered":7,"skipped":0,"pct":22.58},"functions":{"total":5,"covered":0,"skipped":0,"pct":0},"statements":{"total":32,"covered":7,"skipped":0,"pct":21.88},"branches":{"total":8,"covered":0,"skipped":0,"pct":0}}
,"/mnt/d/workspace/js/coreService/app/controller/comment.js": {"lines":{"total":24,"covered":7,"skipped":0,"pct":29.17},"functions":{"total":4,"covered":0,"skipped":0,"pct":0},"statements":{"total":26,"covered":7,"skipped":0,"pct":26.92},"branches":{"total":4,"covered":0,"skipped":0,"pct":0}}
,"/mnt/d/workspace/js/coreService/app/controller/convert.js": {"lines":{"total":185,"covered":8,"skipped":0,"pct":4.32},"functions":{"total":32,"covered":0,"skipped":0,"pct":0},"statements":{"total":218,"covered":8,"skipped":0,"pct":3.67},"branches":{"total":115,"covered":0,"skipped":0,"pct":0}}
,"/mnt/d/workspace/js/coreService/app/controller/discount.js": {"lines":{"total":12,"covered":8,"skipped":0,"pct":66.67},"functions":{"total":4,"covered":0,"skipped":0,"pct":0},"statements":{"total":12,"covered":8,"skipped":0,"pct":66.67},"branches":{"total":0,"covered":0,"skipped":0,"pct":100}}
,"/mnt/d/workspace/js/coreService/app/controller/domain.js": {"lines":{"total":15,"covered":5,"skipped":0,"pct":33.33},"functions":{"total":3,"covered":0,"skipped":0,"pct":0},"statements":{"total":16,"covered":5,"skipped":0,"pct":31.25},"branches":{"total":6,"covered":0,"skipped":0,"pct":0}}
,"/mnt/d/workspace/js/coreService/app/controller/favorite.js": {"lines":{"total":45,"covered":7,"skipped":0,"pct":15.56},"functions":{"total":9,"covered":0,"skipped":0,"pct":0},"statements":{"total":46,"covered":7,"skipped":0,"pct":15.22},"branches":{"total":8,"covered":0,"skipped":0,"pct":0}}
,"/mnt/d/workspace/js/coreService/app/controller/feedback.js": {"lines":{"total":10,"covered":5,"skipped":0,"pct":50},"functions":{"total":2,"covered":0,"skipped":0,"pct":0},"statements":{"total":10,"covered":5,"skipped":0,"pct":50},"branches":{"total":2,"covered":0,"skipped":0,"pct":0}}
,"/mnt/d/workspace/js/coreService/app/controller/file.js": {"lines":{"total":134,"covered":7,"skipped":0,"pct":5.22},"functions":{"total":23,"covered":0,"skipped":0,"pct":0},"statements":{"total":143,"covered":7,"skipped":0,"pct":4.9},"branches":{"total":48,"covered":0,"skipped":0,"pct":0}}
,"/mnt/d/workspace/js/coreService/app/controller/game.js": {"lines":{"total":23,"covered":5,"skipped":0,"pct":21.74},"functions":{"total":3,"covered":0,"skipped":0,"pct":0},"statements":{"total":27,"covered":5,"skipped":0,"pct":18.52},"branches":{"total":10,"covered":0,"skipped":0,"pct":0}}
,"/mnt/d/workspace/js/coreService/app/controller/gameWorks.js": {"lines":{"total":28,"covered":5,"skipped":0,"pct":17.86},"functions":{"total":7,"covered":0,"skipped":0,"pct":0},"statements":{"total":32,"covered":5,"skipped":0,"pct":15.63},"branches":{"total":11,"covered":0,"skipped":0,"pct":0}}
,"/mnt/d/workspace/js/coreService/app/controller/goods.js": {"lines":{"total":23,"covered":7,"skipped":0,"pct":30.43},"functions":{"total":6,"covered":0,"skipped":0,"pct":0},"statements":{"total":24,"covered":7,"skipped":0,"pct":29.17},"branches":{"total":6,"covered":0,"skipped":0,"pct":0}}
,"/mnt/d/workspace/js/coreService/app/controller/goodsData.js": {"lines":{"total":1,"covered":1,"skipped":0,"pct":100},"functions":{"total":0,"covered":0,"skipped":0,"pct":100},"statements":{"total":1,"covered":1,"skipped":0,"pct":100},"branches":{"total":0,"covered":0,"skipped":0,"pct":100}}
,"/mnt/d/workspace/js/coreService/app/controller/group.js": {"lines":{"total":54,"covered":6,"skipped":0,"pct":11.11},"functions":{"total":9,"covered":0,"skipped":0,"pct":0},"statements":{"total":58,"covered":6,"skipped":0,"pct":10.34},"branches":{"total":10,"covered":0,"skipped":0,"pct":0}}
,"/mnt/d/workspace/js/coreService/app/controller/index.js": {"lines":{"total":10,"covered":3,"skipped":0,"pct":30},"functions":{"total":2,"covered":0,"skipped":0,"pct":0},"statements":{"total":10,"covered":3,"skipped":0,"pct":30},"branches":{"total":0,"covered":0,"skipped":0,"pct":100}}
,"/mnt/d/workspace/js/coreService/app/controller/issue.js": {"lines":{"total":79,"covered":7,"skipped":0,"pct":8.86},"functions":{"total":9,"covered":0,"skipped":0,"pct":0},"statements":{"total":93,"covered":7,"skipped":0,"pct":7.53},"branches":{"total":32,"covered":0,"skipped":0,"pct":0}}
,"/mnt/d/workspace/js/coreService/app/controller/keepwork.js": {"lines":{"total":46,"covered":5,"skipped":0,"pct":10.87},"functions":{"total":6,"covered":0,"skipped":0,"pct":0},"statements":{"total":47,"covered":5,"skipped":0,"pct":10.64},"branches":{"total":6,"covered":0,"skipped":0,"pct":0}}
,"/mnt/d/workspace/js/coreService/app/controller/lessonOrganization.js": {"lines":{"total":164,"covered":25,"skipped":0,"pct":15.24},"functions":{"total":74,"covered":6,"skipped":0,"pct":8.11},"statements":{"total":228,"covered":29,"skipped":0,"pct":12.72},"branches":{"total":91,"covered":8,"skipped":0,"pct":8.79}}
,"/mnt/d/workspace/js/coreService/app/controller/lessonOrganizationActivateCode.js": {"lines":{"total":50,"covered":42,"skipped":0,"pct":84},"functions":{"total":12,"covered":6,"skipped":0,"pct":50},"statements":{"total":68,"covered":47,"skipped":0,"pct":69.12},"branches":{"total":33,"covered":18,"skipped":0,"pct":54.55}}
,"/mnt/d/workspace/js/coreService/app/controller/lessonOrganizationClass.js": {"lines":{"total":69,"covered":23,"skipped":0,"pct":33.33},"functions":{"total":14,"covered":3,"skipped":0,"pct":21.43},"statements":{"total":82,"covered":25,"skipped":0,"pct":30.49},"branches":{"total":34,"covered":11,"skipped":0,"pct":32.35}}
,"/mnt/d/workspace/js/coreService/app/controller/lessonOrganizationClassMember.js": {"lines":{"total":111,"covered":49,"skipped":0,"pct":44.14},"functions":{"total":32,"covered":12,"skipped":0,"pct":37.5},"statements":{"total":150,"covered":55,"skipped":0,"pct":36.67},"branches":{"total":102,"covered":17,"skipped":0,"pct":16.67}}
,"/mnt/d/workspace/js/coreService/app/controller/member.js": {"lines":{"total":43,"covered":7,"skipped":0,"pct":16.28},"functions":{"total":7,"covered":0,"skipped":0,"pct":0},"statements":{"total":48,"covered":7,"skipped":0,"pct":14.58},"branches":{"total":12,"covered":0,"skipped":0,"pct":0}}
,"/mnt/d/workspace/js/coreService/app/controller/oauthApp.js": {"lines":{"total":29,"covered":28,"skipped":0,"pct":96.55},"functions":{"total":6,"covered":5,"skipped":0,"pct":83.33},"statements":{"total":34,"covered":29,"skipped":0,"pct":85.29},"branches":{"total":16,"covered":11,"skipped":0,"pct":68.75}}
,"/mnt/d/workspace/js/coreService/app/controller/oauthUser.js": {"lines":{"total":150,"covered":7,"skipped":0,"pct":4.67},"functions":{"total":21,"covered":0,"skipped":0,"pct":0},"statements":{"total":172,"covered":7,"skipped":0,"pct":4.07},"branches":{"total":49,"covered":0,"skipped":0,"pct":0}}
,"/mnt/d/workspace/js/coreService/app/controller/order.js": {"lines":{"total":73,"covered":11,"skipped":0,"pct":15.07},"functions":{"total":10,"covered":0,"skipped":0,"pct":0},"statements":{"total":80,"covered":11,"skipped":0,"pct":13.75},"branches":{"total":38,"covered":0,"skipped":0,"pct":0}}
,"/mnt/d/workspace/js/coreService/app/controller/page.js": {"lines":{"total":28,"covered":6,"skipped":0,"pct":21.43},"functions":{"total":4,"covered":0,"skipped":0,"pct":0},"statements":{"total":34,"covered":6,"skipped":0,"pct":17.65},"branches":{"total":12,"covered":0,"skipped":0,"pct":0}}
,"/mnt/d/workspace/js/coreService/app/controller/paracraftDevice.js": {"lines":{"total":10,"covered":5,"skipped":0,"pct":50},"functions":{"total":4,"covered":0,"skipped":0,"pct":0},"statements":{"total":11,"covered":5,"skipped":0,"pct":45.45},"branches":{"total":4,"covered":0,"skipped":0,"pct":0}}
,"/mnt/d/workspace/js/coreService/app/controller/paracraftGameCoinKey.js": {"lines":{"total":12,"covered":5,"skipped":0,"pct":41.67},"functions":{"total":3,"covered":0,"skipped":0,"pct":0},"statements":{"total":15,"covered":5,"skipped":0,"pct":33.33},"branches":{"total":8,"covered":0,"skipped":0,"pct":0}}
,"/mnt/d/workspace/js/coreService/app/controller/paracraftNews.js": {"lines":{"total":7,"covered":4,"skipped":0,"pct":57.14},"functions":{"total":2,"covered":0,"skipped":0,"pct":0},"statements":{"total":7,"covered":4,"skipped":0,"pct":57.14},"branches":{"total":0,"covered":0,"skipped":0,"pct":100}}
,"/mnt/d/workspace/js/coreService/app/controller/paracraftVisitor.js": {"lines":{"total":8,"covered":4,"skipped":0,"pct":50},"functions":{"total":2,"covered":0,"skipped":0,"pct":0},"statements":{"total":8,"covered":4,"skipped":0,"pct":50},"branches":{"total":0,"covered":0,"skipped":0,"pct":100}}
,"/mnt/d/workspace/js/coreService/app/controller/pay.js": {"lines":{"total":105,"covered":9,"skipped":0,"pct":8.57},"functions":{"total":12,"covered":0,"skipped":0,"pct":0},"statements":{"total":109,"covered":9,"skipped":0,"pct":8.26},"branches":{"total":42,"covered":0,"skipped":0,"pct":0}}
,"/mnt/d/workspace/js/coreService/app/controller/project.js": {"lines":{"total":189,"covered":7,"skipped":0,"pct":3.7},"functions":{"total":30,"covered":0,"skipped":0,"pct":0},"statements":{"total":211,"covered":7,"skipped":0,"pct":3.32},"branches":{"total":77,"covered":0,"skipped":0,"pct":0}}
,"/mnt/d/workspace/js/coreService/app/controller/projectRate.js": {"lines":{"total":12,"covered":5,"skipped":0,"pct":41.67},"functions":{"total":2,"covered":0,"skipped":0,"pct":0},"statements":{"total":12,"covered":5,"skipped":0,"pct":41.67},"branches":{"total":0,"covered":0,"skipped":0,"pct":100}}
,"/mnt/d/workspace/js/coreService/app/controller/proxyOauthApp.js": {"lines":{"total":20,"covered":4,"skipped":0,"pct":20},"functions":{"total":2,"covered":0,"skipped":0,"pct":0},"statements":{"total":23,"covered":4,"skipped":0,"pct":17.39},"branches":{"total":10,"covered":0,"skipped":0,"pct":0}}
,"/mnt/d/workspace/js/coreService/app/controller/proxyUser.js": {"lines":{"total":100,"covered":5,"skipped":0,"pct":5},"functions":{"total":19,"covered":0,"skipped":0,"pct":0},"statements":{"total":115,"covered":5,"skipped":0,"pct":4.35},"branches":{"total":63,"covered":0,"skipped":0,"pct":0}}
,"/mnt/d/workspace/js/coreService/app/controller/qiniu.js": {"lines":{"total":20,"covered":5,"skipped":0,"pct":25},"functions":{"total":4,"covered":0,"skipped":0,"pct":0},"statements":{"total":20,"covered":5,"skipped":0,"pct":25},"branches":{"total":0,"covered":0,"skipped":0,"pct":100}}
,"/mnt/d/workspace/js/coreService/app/controller/sensitiveWord.js": {"lines":{"total":35,"covered":7,"skipped":0,"pct":20},"functions":{"total":9,"covered":0,"skipped":0,"pct":0},"statements":{"total":39,"covered":7,"skipped":0,"pct":17.95},"branches":{"total":8,"covered":0,"skipped":0,"pct":0}}
,"/mnt/d/workspace/js/coreService/app/controller/site.js": {"lines":{"total":97,"covered":7,"skipped":0,"pct":7.22},"functions":{"total":14,"covered":0,"skipped":0,"pct":0},"statements":{"total":109,"covered":7,"skipped":0,"pct":6.42},"branches":{"total":36,"covered":0,"skipped":0,"pct":0}}
,"/mnt/d/workspace/js/coreService/app/controller/siteFile.js": {"lines":{"total":47,"covered":5,"skipped":0,"pct":10.64},"functions":{"total":9,"covered":0,"skipped":0,"pct":0},"statements":{"total":51,"covered":5,"skipped":0,"pct":9.8},"branches":{"total":10,"covered":0,"skipped":0,"pct":0}}
,"/mnt/d/workspace/js/coreService/app/controller/siteGroup.js": {"lines":{"total":9,"covered":5,"skipped":0,"pct":55.56},"functions":{"total":2,"covered":0,"skipped":0,"pct":0},"statements":{"total":9,"covered":5,"skipped":0,"pct":55.56},"branches":{"total":0,"covered":0,"skipped":0,"pct":100}}
,"/mnt/d/workspace/js/coreService/app/controller/systemTag.js": {"lines":{"total":9,"covered":5,"skipped":0,"pct":55.56},"functions":{"total":4,"covered":0,"skipped":0,"pct":0},"statements":{"total":11,"covered":5,"skipped":0,"pct":45.45},"branches":{"total":0,"covered":0,"skipped":0,"pct":100}}
,"/mnt/d/workspace/js/coreService/app/controller/tag.js": {"lines":{"total":7,"covered":6,"skipped":0,"pct":85.71},"functions":{"total":1,"covered":0,"skipped":0,"pct":0},"statements":{"total":7,"covered":6,"skipped":0,"pct":85.71},"branches":{"total":0,"covered":0,"skipped":0,"pct":100}}
,"/mnt/d/workspace/js/coreService/app/controller/trade.js": {"lines":{"total":73,"covered":9,"skipped":0,"pct":12.33},"functions":{"total":8,"covered":0,"skipped":0,"pct":0},"statements":{"total":86,"covered":9,"skipped":0,"pct":10.47},"branches":{"total":66,"covered":0,"skipped":0,"pct":0}}
,"/mnt/d/workspace/js/coreService/app/controller/user.js": {"lines":{"total":294,"covered":37,"skipped":0,"pct":12.59},"functions":{"total":38,"covered":3,"skipped":0,"pct":7.89},"statements":{"total":336,"covered":37,"skipped":0,"pct":11.01},"branches":{"total":156,"covered":5,"skipped":0,"pct":3.21}}
,"/mnt/d/workspace/js/coreService/app/controller/userMessage.js": {"lines":{"total":22,"covered":5,"skipped":0,"pct":22.73},"functions":{"total":6,"covered":0,"skipped":0,"pct":0},"statements":{"total":24,"covered":5,"skipped":0,"pct":20.83},"branches":{"total":3,"covered":0,"skipped":0,"pct":0}}
,"/mnt/d/workspace/js/coreService/app/controller/visitor.js": {"lines":{"total":10,"covered":5,"skipped":0,"pct":50},"functions":{"total":3,"covered":0,"skipped":0,"pct":0},"statements":{"total":10,"covered":5,"skipped":0,"pct":50},"branches":{"total":0,"covered":0,"skipped":0,"pct":100}}
,"/mnt/d/workspace/js/coreService/app/controller/world.js": {"lines":{"total":28,"covered":7,"skipped":0,"pct":25},"functions":{"total":4,"covered":0,"skipped":0,"pct":0},"statements":{"total":29,"covered":7,"skipped":0,"pct":24.14},"branches":{"total":4,"covered":0,"skipped":0,"pct":0}}
,"/mnt/d/workspace/js/coreService/app/controller/worlds.js": {"lines":{"total":1,"covered":1,"skipped":0,"pct":100},"functions":{"total":0,"covered":0,"skipped":0,"pct":100},"statements":{"total":1,"covered":1,"skipped":0,"pct":100},"branches":{"total":0,"covered":0,"skipped":0,"pct":100}}
,"/mnt/d/workspace/js/coreService/app/core/ahocorasick.js": {"lines":{"total":15,"covered":9,"skipped":0,"pct":60},"functions":{"total":5,"covered":1,"skipped":0,"pct":20},"statements":{"total":16,"covered":9,"skipped":0,"pct":56.25},"branches":{"total":2,"covered":0,"skipped":0,"pct":0}}
,"/mnt/d/workspace/js/coreService/app/core/api.js": {"lines":{"total":65,"covered":22,"skipped":0,"pct":33.85},"functions":{"total":27,"covered":7,"skipped":0,"pct":25.93},"statements":{"total":72,"covered":24,"skipped":0,"pct":33.33},"branches":{"total":43,"covered":5,"skipped":0,"pct":11.63}}
,"/mnt/d/workspace/js/coreService/app/core/association.js": {"lines":{"total":58,"covered":58,"skipped":0,"pct":100},"functions":{"total":1,"covered":1,"skipped":0,"pct":100},"statements":{"total":58,"covered":58,"skipped":0,"pct":100},"branches":{"total":0,"covered":0,"skipped":0,"pct":100}}
,"/mnt/d/workspace/js/coreService/app/core/axios.js": {"lines":{"total":24,"covered":12,"skipped":0,"pct":50},"functions":{"total":7,"covered":2,"skipped":0,"pct":28.57},"statements":{"total":24,"covered":12,"skipped":0,"pct":50},"branches":{"total":10,"covered":2,"skipped":0,"pct":20}}
,"/mnt/d/workspace/js/coreService/app/core/consts.js": {"lines":{"total":1,"covered":1,"skipped":0,"pct":100},"functions":{"total":0,"covered":0,"skipped":0,"pct":100},"statements":{"total":1,"covered":1,"skipped":0,"pct":100},"branches":{"total":0,"covered":0,"skipped":0,"pct":100}}
,"/mnt/d/workspace/js/coreService/app/core/controller.js": {"lines":{"total":164,"covered":29,"skipped":0,"pct":17.68},"functions":{"total":33,"covered":9,"skipped":0,"pct":27.27},"statements":{"total":173,"covered":31,"skipped":0,"pct":17.92},"branches":{"total":62,"covered":19,"skipped":0,"pct":30.65}}
,"/mnt/d/workspace/js/coreService/app/core/email.js": {"lines":{"total":14,"covered":6,"skipped":0,"pct":42.86},"functions":{"total":4,"covered":1,"skipped":0,"pct":25},"statements":{"total":14,"covered":6,"skipped":0,"pct":42.86},"branches":{"total":7,"covered":1,"skipped":0,"pct":14.29}}
,"/mnt/d/workspace/js/coreService/app/core/err.js": {"lines":{"total":25,"covered":24,"skipped":0,"pct":96},"functions":{"total":2,"covered":1,"skipped":0,"pct":50},"statements":{"total":25,"covered":24,"skipped":0,"pct":96},"branches":{"total":0,"covered":0,"skipped":0,"pct":100}}
,"/mnt/d/workspace/js/coreService/app/core/git.js": {"lines":{"total":63,"covered":14,"skipped":0,"pct":22.22},"functions":{"total":9,"covered":2,"skipped":0,"pct":22.22},"statements":{"total":63,"covered":14,"skipped":0,"pct":22.22},"branches":{"total":50,"covered":13,"skipped":0,"pct":26}}
,"/mnt/d/workspace/js/coreService/app/core/gitGateway.js": {"lines":{"total":104,"covered":14,"skipped":0,"pct":13.46},"functions":{"total":10,"covered":2,"skipped":0,"pct":20},"statements":{"total":104,"covered":14,"skipped":0,"pct":13.46},"branches":{"total":111,"covered":13,"skipped":0,"pct":11.71}}
,"/mnt/d/workspace/js/coreService/app/core/jwt.js": {"lines":{"total":67,"covered":48,"skipped":0,"pct":71.64},"functions":{"total":9,"covered":8,"skipped":0,"pct":88.89},"statements":{"total":67,"covered":48,"skipped":0,"pct":71.64},"branches":{"total":50,"covered":29,"skipped":0,"pct":58}}
,"/mnt/d/workspace/js/coreService/app/core/log.js": {"lines":{"total":24,"covered":7,"skipped":0,"pct":29.17},"functions":{"total":5,"covered":1,"skipped":0,"pct":20},"statements":{"total":25,"covered":7,"skipped":0,"pct":28},"branches":{"total":8,"covered":0,"skipped":0,"pct":0}}
,"/mnt/d/workspace/js/coreService/app/core/model.js": {"lines":{"total":57,"covered":37,"skipped":0,"pct":64.91},"functions":{"total":12,"covered":8,"skipped":0,"pct":66.67},"statements":{"total":68,"covered":43,"skipped":0,"pct":63.24},"branches":{"total":26,"covered":12,"skipped":0,"pct":46.15}}
,"/mnt/d/workspace/js/coreService/app/core/pingpp.js": {"lines":{"total":20,"covered":3,"skipped":0,"pct":15},"functions":{"total":9,"covered":0,"skipped":0,"pct":0},"statements":{"total":22,"covered":3,"skipped":0,"pct":13.64},"branches":{"total":6,"covered":0,"skipped":0,"pct":0}}
,"/mnt/d/workspace/js/coreService/app/core/qiniu.js": {"lines":{"total":114,"covered":26,"skipped":0,"pct":22.81},"functions":{"total":28,"covered":1,"skipped":0,"pct":3.57},"statements":{"total":119,"covered":26,"skipped":0,"pct":21.85},"branches":{"total":43,"covered":0,"skipped":0,"pct":0}}
,"/mnt/d/workspace/js/coreService/app/core/service.js": {"lines":{"total":4,"covered":3,"skipped":0,"pct":75},"functions":{"total":1,"covered":0,"skipped":0,"pct":0},"statements":{"total":4,"covered":3,"skipped":0,"pct":75},"branches":{"total":0,"covered":0,"skipped":0,"pct":100}}
,"/mnt/d/workspace/js/coreService/app/core/sms.js": {"lines":{"total":31,"covered":15,"skipped":0,"pct":48.39},"functions":{"total":4,"covered":1,"skipped":0,"pct":25},"statements":{"total":33,"covered":15,"skipped":0,"pct":45.45},"branches":{"total":3,"covered":0,"skipped":0,"pct":0}}
,"/mnt/d/workspace/js/coreService/app/core/util.js": {"lines":{"total":75,"covered":29,"skipped":0,"pct":38.67},"functions":{"total":15,"covered":3,"skipped":0,"pct":20},"statements":{"total":76,"covered":29,"skipped":0,"pct":38.16},"branches":{"total":17,"covered":2,"skipped":0,"pct":11.76}}
,"/mnt/d/workspace/js/coreService/app/extend/application.js": {"lines":{"total":1,"covered":1,"skipped":0,"pct":100},"functions":{"total":0,"covered":0,"skipped":0,"pct":100},"statements":{"total":1,"covered":1,"skipped":0,"pct":100},"branches":{"total":0,"covered":0,"skipped":0,"pct":100}}
,"/mnt/d/workspace/js/coreService/app/extend/context.js": {"lines":{"total":21,"covered":3,"skipped":0,"pct":14.29},"functions":{"total":4,"covered":0,"skipped":0,"pct":0},"statements":{"total":24,"covered":3,"skipped":0,"pct":12.5},"branches":{"total":21,"covered":0,"skipped":0,"pct":0}}
,"/mnt/d/workspace/js/coreService/app/graphql/common/resolver.js": {"lines":{"total":1,"covered":1,"skipped":0,"pct":100},"functions":{"total":0,"covered":0,"skipped":0,"pct":100},"statements":{"total":1,"covered":1,"skipped":0,"pct":100},"branches":{"total":0,"covered":0,"skipped":0,"pct":100}}
,"/mnt/d/workspace/js/coreService/app/graphql/common/scalars/date.js": {"lines":{"total":8,"covered":3,"skipped":0,"pct":37.5},"functions":{"total":3,"covered":0,"skipped":0,"pct":0},"statements":{"total":8,"covered":3,"skipped":0,"pct":37.5},"branches":{"total":2,"covered":0,"skipped":0,"pct":0}}
,"/mnt/d/workspace/js/coreService/app/graphql/common/scalars/json.js": {"lines":{"total":8,"covered":4,"skipped":0,"pct":50},"functions":{"total":3,"covered":1,"skipped":0,"pct":33.33},"statements":{"total":8,"covered":4,"skipped":0,"pct":50},"branches":{"total":0,"covered":0,"skipped":0,"pct":100}}
,"/mnt/d/workspace/js/coreService/app/graphql/keepwork/connector.js": {"lines":{"total":10,"covered":9,"skipped":0,"pct":90},"functions":{"total":4,"covered":1,"skipped":0,"pct":25},"statements":{"total":12,"covered":9,"skipped":0,"pct":75},"branches":{"total":0,"covered":0,"skipped":0,"pct":100}}
,"/mnt/d/workspace/js/coreService/app/graphql/keepwork/resolver.js": {"lines":{"total":8,"covered":3,"skipped":0,"pct":37.5},"functions":{"total":6,"covered":0,"skipped":0,"pct":0},"statements":{"total":12,"covered":3,"skipped":0,"pct":25},"branches":{"total":0,"covered":0,"skipped":0,"pct":100}}
,"/mnt/d/workspace/js/coreService/app/graphql/lesson/connector.js": {"lines":{"total":25,"covered":13,"skipped":0,"pct":52},"functions":{"total":25,"covered":1,"skipped":0,"pct":4},"statements":{"total":42,"covered":13,"skipped":0,"pct":30.95},"branches":{"total":2,"covered":0,"skipped":0,"pct":0}}
,"/mnt/d/workspace/js/coreService/app/graphql/lesson/resolver.js": {"lines":{"total":26,"covered":3,"skipped":0,"pct":11.54},"functions":{"total":14,"covered":0,"skipped":0,"pct":0},"statements":{"total":33,"covered":3,"skipped":0,"pct":9.09},"branches":{"total":12,"covered":0,"skipped":0,"pct":0}}
,"/mnt/d/workspace/js/coreService/app/graphql/nplgame/resolver.js": {"lines":{"total":1,"covered":1,"skipped":0,"pct":100},"functions":{"total":0,"covered":0,"skipped":0,"pct":100},"statements":{"total":1,"covered":1,"skipped":0,"pct":100},"branches":{"total":0,"covered":0,"skipped":0,"pct":100}}
,"/mnt/d/workspace/js/coreService/app/graphql/organization/connector.js": {"lines":{"total":65,"covered":43,"skipped":0,"pct":66.15},"functions":{"total":62,"covered":32,"skipped":0,"pct":51.61},"statements":{"total":103,"covered":61,"skipped":0,"pct":59.22},"branches":{"total":23,"covered":8,"skipped":0,"pct":34.78}}
,"/mnt/d/workspace/js/coreService/app/graphql/organization/resolver.js": {"lines":{"total":33,"covered":17,"skipped":0,"pct":51.52},"functions":{"total":31,"covered":17,"skipped":0,"pct":54.84},"statements":{"total":38,"covered":21,"skipped":0,"pct":55.26},"branches":{"total":6,"covered":0,"skipped":0,"pct":0}}
,"/mnt/d/workspace/js/coreService/app/graphql/project/connector.js": {"lines":{"total":26,"covered":8,"skipped":0,"pct":30.77},"functions":{"total":16,"covered":1,"skipped":0,"pct":6.25},"statements":{"total":35,"covered":8,"skipped":0,"pct":22.86},"branches":{"total":6,"covered":0,"skipped":0,"pct":0}}
,"/mnt/d/workspace/js/coreService/app/graphql/project/resolver.js": {"lines":{"total":2,"covered":1,"skipped":0,"pct":50},"functions":{"total":1,"covered":0,"skipped":0,"pct":0},"statements":{"total":2,"covered":1,"skipped":0,"pct":50},"branches":{"total":0,"covered":0,"skipped":0,"pct":100}}
,"/mnt/d/workspace/js/coreService/app/graphql/query/resolver.js": {"lines":{"total":41,"covered":12,"skipped":0,"pct":29.27},"functions":{"total":20,"covered":2,"skipped":0,"pct":10},"statements":{"total":47,"covered":12,"skipped":0,"pct":25.53},"branches":{"total":39,"covered":8,"skipped":0,"pct":20.51}}
,"/mnt/d/workspace/js/coreService/app/graphql/user/connector.js": {"lines":{"total":20,"covered":9,"skipped":0,"pct":45},"functions":{"total":20,"covered":6,"skipped":0,"pct":30},"statements":{"total":26,"covered":12,"skipped":0,"pct":46.15},"branches":{"total":6,"covered":0,"skipped":0,"pct":0}}
,"/mnt/d/workspace/js/coreService/app/graphql/user/resolver.js": {"lines":{"total":14,"covered":1,"skipped":0,"pct":7.14},"functions":{"total":11,"covered":0,"skipped":0,"pct":0},"statements":{"total":14,"covered":1,"skipped":0,"pct":7.14},"branches":{"total":5,"covered":0,"skipped":0,"pct":0}}
,"/mnt/d/workspace/js/coreService/app/graphql/userRank/connector.js": {"lines":{"total":11,"covered":5,"skipped":0,"pct":45.45},"functions":{"total":7,"covered":1,"skipped":0,"pct":14.29},"statements":{"total":12,"covered":5,"skipped":0,"pct":41.67},"branches":{"total":0,"covered":0,"skipped":0,"pct":100}}
,"/mnt/d/workspace/js/coreService/app/graphql/userRank/resolver.js": {"lines":{"total":2,"covered":1,"skipped":0,"pct":50},"functions":{"total":1,"covered":0,"skipped":0,"pct":0},"statements":{"total":2,"covered":1,"skipped":0,"pct":50},"branches":{"total":0,"covered":0,"skipped":0,"pct":100}}
,"/mnt/d/workspace/js/coreService/app/lesson_model/classroom.js": {"lines":{"total":7,"covered":7,"skipped":0,"pct":100},"functions":{"total":1,"covered":1,"skipped":0,"pct":100},"statements":{"total":7,"covered":7,"skipped":0,"pct":100},"branches":{"total":0,"covered":0,"skipped":0,"pct":100}}
,"/mnt/d/workspace/js/coreService/app/lesson_model/learnRecord.js": {"lines":{"total":6,"covered":6,"skipped":0,"pct":100},"functions":{"total":1,"covered":1,"skipped":0,"pct":100},"statements":{"total":6,"covered":6,"skipped":0,"pct":100},"branches":{"total":0,"covered":0,"skipped":0,"pct":100}}
,"/mnt/d/workspace/js/coreService/app/lesson_model/lesson.js": {"lines":{"total":5,"covered":5,"skipped":0,"pct":100},"functions":{"total":1,"covered":1,"skipped":0,"pct":100},"statements":{"total":5,"covered":5,"skipped":0,"pct":100},"branches":{"total":0,"covered":0,"skipped":0,"pct":100}}
,"/mnt/d/workspace/js/coreService/app/lesson_model/package.js": {"lines":{"total":6,"covered":6,"skipped":0,"pct":100},"functions":{"total":1,"covered":1,"skipped":0,"pct":100},"statements":{"total":6,"covered":6,"skipped":0,"pct":100},"branches":{"total":0,"covered":0,"skipped":0,"pct":100}}
,"/mnt/d/workspace/js/coreService/app/lesson_model/packageLesson.js": {"lines":{"total":6,"covered":6,"skipped":0,"pct":100},"functions":{"total":1,"covered":1,"skipped":0,"pct":100},"statements":{"total":6,"covered":6,"skipped":0,"pct":100},"branches":{"total":0,"covered":0,"skipped":0,"pct":100}}
,"/mnt/d/workspace/js/coreService/app/lesson_model/teacher.js": {"lines":{"total":7,"covered":6,"skipped":0,"pct":85.71},"functions":{"total":3,"covered":1,"skipped":0,"pct":33.33},"statements":{"total":8,"covered":6,"skipped":0,"pct":75},"branches":{"total":2,"covered":0,"skipped":0,"pct":0}}
,"/mnt/d/workspace/js/coreService/app/lesson_model/tutor.js": {"lines":{"total":7,"covered":6,"skipped":0,"pct":85.71},"functions":{"total":3,"covered":1,"skipped":0,"pct":33.33},"statements":{"total":8,"covered":6,"skipped":0,"pct":75},"branches":{"total":2,"covered":0,"skipped":0,"pct":0}}
,"/mnt/d/workspace/js/coreService/app/lesson_model/user.js": {"lines":{"total":6,"covered":6,"skipped":0,"pct":100},"functions":{"total":1,"covered":1,"skipped":0,"pct":100},"statements":{"total":6,"covered":6,"skipped":0,"pct":100},"branches":{"total":0,"covered":0,"skipped":0,"pct":100}}
,"/mnt/d/workspace/js/coreService/app/lesson_model/userLearnRecord.js": {"lines":{"total":8,"covered":8,"skipped":0,"pct":100},"functions":{"total":1,"covered":1,"skipped":0,"pct":100},"statements":{"total":8,"covered":8,"skipped":0,"pct":100},"branches":{"total":0,"covered":0,"skipped":0,"pct":100}}
,"/mnt/d/workspace/js/coreService/app/middleware/authenticated.js": {"lines":{"total":29,"covered":24,"skipped":0,"pct":82.76},"functions":{"total":4,"covered":4,"skipped":0,"pct":100},"statements":{"total":31,"covered":26,"skipped":0,"pct":83.87},"branches":{"total":20,"covered":18,"skipped":0,"pct":90}}
,"/mnt/d/workspace/js/coreService/app/middleware/loader.js": {"lines":{"total":4,"covered":1,"skipped":0,"pct":25},"functions":{"total":2,"covered":0,"skipped":0,"pct":0},"statements":{"total":4,"covered":1,"skipped":0,"pct":25},"branches":{"total":0,"covered":0,"skipped":0,"pct":100}}
,"/mnt/d/workspace/js/coreService/app/middleware/pagination.js": {"lines":{"total":27,"covered":26,"skipped":0,"pct":96.3},"functions":{"total":2,"covered":2,"skipped":0,"pct":100},"statements":{"total":28,"covered":27,"skipped":0,"pct":96.43},"branches":{"total":24,"covered":21,"skipped":0,"pct":87.5}}
,"/mnt/d/workspace/js/coreService/app/model/account.js": {"lines":{"total":12,"covered":7,"skipped":0,"pct":58.33},"functions":{"total":5,"covered":1,"skipped":0,"pct":20},"statements":{"total":14,"covered":7,"skipped":0,"pct":50},"branches":{"total":6,"covered":0,"skipped":0,"pct":0}}
,"/mnt/d/workspace/js/coreService/app/model/admin.js": {"lines":{"total":6,"covered":6,"skipped":0,"pct":100},"functions":{"total":1,"covered":1,"skipped":0,"pct":100},"statements":{"total":6,"covered":6,"skipped":0,"pct":100},"branches":{"total":0,"covered":0,"skipped":0,"pct":100}}
,"/mnt/d/workspace/js/coreService/app/model/apply.js": {"lines":{"total":49,"covered":12,"skipped":0,"pct":24.49},"functions":{"total":8,"covered":1,"skipped":0,"pct":12.5},"statements":{"total":61,"covered":12,"skipped":0,"pct":19.67},"branches":{"total":22,"covered":0,"skipped":0,"pct":0}}
,"/mnt/d/workspace/js/coreService/app/model/associate.js": {"lines":{"total":8,"covered":8,"skipped":0,"pct":100},"functions":{"total":1,"covered":1,"skipped":0,"pct":100},"statements":{"total":8,"covered":8,"skipped":0,"pct":100},"branches":{"total":0,"covered":0,"skipped":0,"pct":100}}
,"/mnt/d/workspace/js/coreService/app/model/cache.js": {"lines":{"total":18,"covered":17,"skipped":0,"pct":94.44},"functions":{"total":4,"covered":3,"skipped":0,"pct":75},"statements":{"total":21,"covered":18,"skipped":0,"pct":85.71},"branches":{"total":8,"covered":5,"skipped":0,"pct":62.5}}
,"/mnt/d/workspace/js/coreService/app/model/comment.js": {"lines":{"total":34,"covered":11,"skipped":0,"pct":32.35},"functions":{"total":7,"covered":1,"skipped":0,"pct":14.29},"statements":{"total":40,"covered":11,"skipped":0,"pct":27.5},"branches":{"total":21,"covered":0,"skipped":0,"pct":0}}
,"/mnt/d/workspace/js/coreService/app/model/contribution.js": {"lines":{"total":25,"covered":8,"skipped":0,"pct":32},"functions":{"total":4,"covered":1,"skipped":0,"pct":25},"statements":{"total":27,"covered":8,"skipped":0,"pct":29.63},"branches":{"total":8,"covered":0,"skipped":0,"pct":0}}
,"/mnt/d/workspace/js/coreService/app/model/data.js": {"lines":{"total":15,"covered":9,"skipped":0,"pct":60},"functions":{"total":4,"covered":1,"skipped":0,"pct":25},"statements":{"total":15,"covered":9,"skipped":0,"pct":60},"branches":{"total":3,"covered":0,"skipped":0,"pct":0}}
,"/mnt/d/workspace/js/coreService/app/model/discount.js": {"lines":{"total":13,"covered":8,"skipped":0,"pct":61.54},"functions":{"total":2,"covered":1,"skipped":0,"pct":50},"statements":{"total":13,"covered":8,"skipped":0,"pct":61.54},"branches":{"total":0,"covered":0,"skipped":0,"pct":100}}
,"/mnt/d/workspace/js/coreService/app/model/domain.js": {"lines":{"total":15,"covered":7,"skipped":0,"pct":46.67},"functions":{"total":3,"covered":1,"skipped":0,"pct":33.33},"statements":{"total":17,"covered":7,"skipped":0,"pct":41.18},"branches":{"total":4,"covered":0,"skipped":0,"pct":0}}
,"/mnt/d/workspace/js/coreService/app/model/event.js": {"lines":{"total":6,"covered":6,"skipped":0,"pct":100},"functions":{"total":1,"covered":1,"skipped":0,"pct":100},"statements":{"total":6,"covered":6,"skipped":0,"pct":100},"branches":{"total":0,"covered":0,"skipped":0,"pct":100}}
,"/mnt/d/workspace/js/coreService/app/model/favorite.js": {"lines":{"total":52,"covered":16,"skipped":0,"pct":30.77},"functions":{"total":11,"covered":1,"skipped":0,"pct":9.09},"statements":{"total":53,"covered":16,"skipped":0,"pct":30.19},"branches":{"total":9,"covered":0,"skipped":0,"pct":0}}
,"/mnt/d/workspace/js/coreService/app/model/feedback.js": {"lines":{"total":5,"covered":5,"skipped":0,"pct":100},"functions":{"total":1,"covered":1,"skipped":0,"pct":100},"statements":{"total":5,"covered":5,"skipped":0,"pct":100},"branches":{"total":0,"covered":0,"skipped":0,"pct":100}}
,"/mnt/d/workspace/js/coreService/app/model/file.js": {"lines":{"total":5,"covered":5,"skipped":0,"pct":100},"functions":{"total":1,"covered":1,"skipped":0,"pct":100},"statements":{"total":5,"covered":5,"skipped":0,"pct":100},"branches":{"total":0,"covered":0,"skipped":0,"pct":100}}
,"/mnt/d/workspace/js/coreService/app/model/game.js": {"lines":{"total":8,"covered":8,"skipped":0,"pct":100},"functions":{"total":1,"covered":1,"skipped":0,"pct":100},"statements":{"total":8,"covered":8,"skipped":0,"pct":100},"branches":{"total":0,"covered":0,"skipped":0,"pct":100}}
,"/mnt/d/workspace/js/coreService/app/model/gameWorks.js": {"lines":{"total":8,"covered":8,"skipped":0,"pct":100},"functions":{"total":1,"covered":1,"skipped":0,"pct":100},"statements":{"total":8,"covered":8,"skipped":0,"pct":100},"branches":{"total":0,"covered":0,"skipped":0,"pct":100}}
,"/mnt/d/workspace/js/coreService/app/model/goods.js": {"lines":{"total":7,"covered":6,"skipped":0,"pct":85.71},"functions":{"total":2,"covered":1,"skipped":0,"pct":50},"statements":{"total":7,"covered":6,"skipped":0,"pct":85.71},"branches":{"total":0,"covered":0,"skipped":0,"pct":100}}
,"/mnt/d/workspace/js/coreService/app/model/group.js": {"lines":{"total":20,"covered":9,"skipped":0,"pct":45},"functions":{"total":4,"covered":1,"skipped":0,"pct":25},"statements":{"total":22,"covered":9,"skipped":0,"pct":40.91},"branches":{"total":6,"covered":0,"skipped":0,"pct":0}}
,"/mnt/d/workspace/js/coreService/app/model/illegals.js": {"lines":{"total":36,"covered":8,"skipped":0,"pct":22.22},"functions":{"total":10,"covered":1,"skipped":0,"pct":10},"statements":{"total":44,"covered":8,"skipped":0,"pct":18.18},"branches":{"total":22,"covered":0,"skipped":0,"pct":0}}
,"/mnt/d/workspace/js/coreService/app/model/issue.js": {"lines":{"total":58,"covered":12,"skipped":0,"pct":20.69},"functions":{"total":14,"covered":1,"skipped":0,"pct":7.14},"statements":{"total":67,"covered":12,"skipped":0,"pct":17.91},"branches":{"total":29,"covered":0,"skipped":0,"pct":0}}
,"/mnt/d/workspace/js/coreService/app/model/lessonOrganization.js": {"lines":{"total":23,"covered":23,"skipped":0,"pct":100},"functions":{"total":7,"covered":7,"skipped":0,"pct":100},"statements":{"total":23,"covered":23,"skipped":0,"pct":100},"branches":{"total":10,"covered":7,"skipped":0,"pct":70}}
,"/mnt/d/workspace/js/coreService/app/model/lessonOrganizationActivateCode.js": {"lines":{"total":5,"covered":5,"skipped":0,"pct":100},"functions":{"total":1,"covered":1,"skipped":0,"pct":100},"statements":{"total":5,"covered":5,"skipped":0,"pct":100},"branches":{"total":0,"covered":0,"skipped":0,"pct":100}}
,"/mnt/d/workspace/js/coreService/app/model/lessonOrganizationClass.js": {"lines":{"total":7,"covered":7,"skipped":0,"pct":100},"functions":{"total":3,"covered":3,"skipped":0,"pct":100},"statements":{"total":7,"covered":7,"skipped":0,"pct":100},"branches":{"total":0,"covered":0,"skipped":0,"pct":100}}
,"/mnt/d/workspace/js/coreService/app/model/lessonOrganizationClassMember.js": {"lines":{"total":13,"covered":7,"skipped":0,"pct":53.85},"functions":{"total":5,"covered":1,"skipped":0,"pct":20},"statements":{"total":15,"covered":7,"skipped":0,"pct":46.67},"branches":{"total":0,"covered":0,"skipped":0,"pct":100}}
,"/mnt/d/workspace/js/coreService/app/model/lessonOrganizationPackage.js": {"lines":{"total":5,"covered":5,"skipped":0,"pct":100},"functions":{"total":1,"covered":1,"skipped":0,"pct":100},"statements":{"total":5,"covered":5,"skipped":0,"pct":100},"branches":{"total":0,"covered":0,"skipped":0,"pct":100}}
,"/mnt/d/workspace/js/coreService/app/model/log.js": {"lines":{"total":15,"covered":10,"skipped":0,"pct":66.67},"functions":{"total":6,"covered":1,"skipped":0,"pct":16.67},"statements":{"total":15,"covered":10,"skipped":0,"pct":66.67},"branches":{"total":1,"covered":0,"skipped":0,"pct":0}}
,"/mnt/d/workspace/js/coreService/app/model/member.js": {"lines":{"total":15,"covered":7,"skipped":0,"pct":46.67},"functions":{"total":3,"covered":1,"skipped":0,"pct":33.33},"statements":{"total":15,"covered":7,"skipped":0,"pct":46.67},"branches":{"total":0,"covered":0,"skipped":0,"pct":100}}
,"/mnt/d/workspace/js/coreService/app/model/message.js": {"lines":{"total":14,"covered":8,"skipped":0,"pct":57.14},"functions":{"total":4,"covered":1,"skipped":0,"pct":25},"statements":{"total":15,"covered":8,"skipped":0,"pct":53.33},"branches":{"total":0,"covered":0,"skipped":0,"pct":100}}
,"/mnt/d/workspace/js/coreService/app/model/notification.js": {"lines":{"total":48,"covered":13,"skipped":0,"pct":27.08},"functions":{"total":7,"covered":1,"skipped":0,"pct":14.29},"statements":{"total":58,"covered":13,"skipped":0,"pct":22.41},"branches":{"total":34,"covered":0,"skipped":0,"pct":0}}
,"/mnt/d/workspace/js/coreService/app/model/oauthApp.js": {"lines":{"total":5,"covered":5,"skipped":0,"pct":100},"functions":{"total":1,"covered":1,"skipped":0,"pct":100},"statements":{"total":5,"covered":5,"skipped":0,"pct":100},"branches":{"total":0,"covered":0,"skipped":0,"pct":100}}
,"/mnt/d/workspace/js/coreService/app/model/oauthUser.js": {"lines":{"total":5,"covered":5,"skipped":0,"pct":100},"functions":{"total":1,"covered":1,"skipped":0,"pct":100},"statements":{"total":5,"covered":5,"skipped":0,"pct":100},"branches":{"total":0,"covered":0,"skipped":0,"pct":100}}
,"/mnt/d/workspace/js/coreService/app/model/order.js": {"lines":{"total":5,"covered":5,"skipped":0,"pct":100},"functions":{"total":1,"covered":1,"skipped":0,"pct":100},"statements":{"total":5,"covered":5,"skipped":0,"pct":100},"branches":{"total":0,"covered":0,"skipped":0,"pct":100}}
,"/mnt/d/workspace/js/coreService/app/model/page.js": {"lines":{"total":25,"covered":8,"skipped":0,"pct":32},"functions":{"total":4,"covered":1,"skipped":0,"pct":25},"statements":{"total":27,"covered":8,"skipped":0,"pct":29.63},"branches":{"total":12,"covered":0,"skipped":0,"pct":0}}
,"/mnt/d/workspace/js/coreService/app/model/paracraftDevice.js": {"lines":{"total":5,"covered":5,"skipped":0,"pct":100},"functions":{"total":1,"covered":1,"skipped":0,"pct":100},"statements":{"total":5,"covered":5,"skipped":0,"pct":100},"branches":{"total":0,"covered":0,"skipped":0,"pct":100}}
,"/mnt/d/workspace/js/coreService/app/model/paracraftGameCoinKey.js": {"lines":{"total":5,"covered":5,"skipped":0,"pct":100},"functions":{"total":1,"covered":1,"skipped":0,"pct":100},"statements":{"total":5,"covered":5,"skipped":0,"pct":100},"branches":{"total":0,"covered":0,"skipped":0,"pct":100}}
,"/mnt/d/workspace/js/coreService/app/model/paracraftNews.js": {"lines":{"total":5,"covered":5,"skipped":0,"pct":100},"functions":{"total":1,"covered":1,"skipped":0,"pct":100},"statements":{"total":5,"covered":5,"skipped":0,"pct":100},"branches":{"total":0,"covered":0,"skipped":0,"pct":100}}
,"/mnt/d/workspace/js/coreService/app/model/paracraftVisitor.js": {"lines":{"total":5,"covered":5,"skipped":0,"pct":100},"functions":{"total":1,"covered":1,"skipped":0,"pct":100},"statements":{"total":5,"covered":5,"skipped":0,"pct":100},"branches":{"total":0,"covered":0,"skipped":0,"pct":100}}
,"/mnt/d/workspace/js/coreService/app/model/project.js": {"lines":{"total":55,"covered":15,"skipped":0,"pct":27.27},"functions":{"total":7,"covered":1,"skipped":0,"pct":14.29},"statements":{"total":60,"covered":15,"skipped":0,"pct":25},"branches":{"total":16,"covered":0,"skipped":0,"pct":0}}
,"/mnt/d/workspace/js/coreService/app/model/projectRanks.js": {"lines":{"total":10,"covered":7,"skipped":0,"pct":70},"functions":{"total":2,"covered":1,"skipped":0,"pct":50},"statements":{"total":11,"covered":7,"skipped":0,"pct":63.64},"branches":{"total":4,"covered":0,"skipped":0,"pct":0}}
,"/mnt/d/workspace/js/coreService/app/model/projectRate.js": {"lines":{"total":9,"covered":8,"skipped":0,"pct":88.89},"functions":{"total":3,"covered":1,"skipped":0,"pct":33.33},"statements":{"total":9,"covered":8,"skipped":0,"pct":88.89},"branches":{"total":0,"covered":0,"skipped":0,"pct":100}}
,"/mnt/d/workspace/js/coreService/app/model/role.js": {"lines":{"total":20,"covered":11,"skipped":0,"pct":55},"functions":{"total":10,"covered":1,"skipped":0,"pct":10},"statements":{"total":23,"covered":11,"skipped":0,"pct":47.83},"branches":{"total":6,"covered":0,"skipped":0,"pct":0}}
,"/mnt/d/workspace/js/coreService/app/model/senitiveWord.js": {"lines":{"total":5,"covered":5,"skipped":0,"pct":100},"functions":{"total":1,"covered":1,"skipped":0,"pct":100},"statements":{"total":5,"covered":5,"skipped":0,"pct":100},"branches":{"total":0,"covered":0,"skipped":0,"pct":100}}
,"/mnt/d/workspace/js/coreService/app/model/site.js": {"lines":{"total":66,"covered":21,"skipped":0,"pct":31.82},"functions":{"total":15,"covered":1,"skipped":0,"pct":6.67},"statements":{"total":77,"covered":21,"skipped":0,"pct":27.27},"branches":{"total":34,"covered":0,"skipped":0,"pct":0}}
,"/mnt/d/workspace/js/coreService/app/model/siteFile.js": {"lines":{"total":5,"covered":5,"skipped":0,"pct":100},"functions":{"total":1,"covered":1,"skipped":0,"pct":100},"statements":{"total":5,"covered":5,"skipped":0,"pct":100},"branches":{"total":0,"covered":0,"skipped":0,"pct":100}}
,"/mnt/d/workspace/js/coreService/app/model/siteGroup.js": {"lines":{"total":14,"covered":7,"skipped":0,"pct":50},"functions":{"total":3,"covered":1,"skipped":0,"pct":33.33},"statements":{"total":15,"covered":7,"skipped":0,"pct":46.67},"branches":{"total":4,"covered":0,"skipped":0,"pct":0}}
,"/mnt/d/workspace/js/coreService/app/model/storage.js": {"lines":{"total":24,"covered":8,"skipped":0,"pct":33.33},"functions":{"total":4,"covered":1,"skipped":0,"pct":25},"statements":{"total":25,"covered":8,"skipped":0,"pct":32},"branches":{"total":8,"covered":0,"skipped":0,"pct":0}}
,"/mnt/d/workspace/js/coreService/app/model/system.js": {"lines":{"total":6,"covered":6,"skipped":0,"pct":100},"functions":{"total":1,"covered":1,"skipped":0,"pct":100},"statements":{"total":6,"covered":6,"skipped":0,"pct":100},"branches":{"total":0,"covered":0,"skipped":0,"pct":100}}
,"/mnt/d/workspace/js/coreService/app/model/systemTag.js": {"lines":{"total":5,"covered":5,"skipped":0,"pct":100},"functions":{"total":1,"covered":1,"skipped":0,"pct":100},"statements":{"total":5,"covered":5,"skipped":0,"pct":100},"branches":{"total":0,"covered":0,"skipped":0,"pct":100}}
,"/mnt/d/workspace/js/coreService/app/model/tag.js": {"lines":{"total":5,"covered":5,"skipped":0,"pct":100},"functions":{"total":1,"covered":1,"skipped":0,"pct":100},"statements":{"total":5,"covered":5,"skipped":0,"pct":100},"branches":{"total":0,"covered":0,"skipped":0,"pct":100}}
,"/mnt/d/workspace/js/coreService/app/model/testProject.js": {"lines":{"total":5,"covered":5,"skipped":0,"pct":100},"functions":{"total":1,"covered":1,"skipped":0,"pct":100},"statements":{"total":5,"covered":5,"skipped":0,"pct":100},"branches":{"total":0,"covered":0,"skipped":0,"pct":100}}
,"/mnt/d/workspace/js/coreService/app/model/testUser.js": {"lines":{"total":5,"covered":5,"skipped":0,"pct":100},"functions":{"total":1,"covered":1,"skipped":0,"pct":100},"statements":{"total":5,"covered":5,"skipped":0,"pct":100},"branches":{"total":0,"covered":0,"skipped":0,"pct":100}}
,"/mnt/d/workspace/js/coreService/app/model/trade.js": {"lines":{"total":9,"covered":6,"skipped":0,"pct":66.67},"functions":{"total":4,"covered":1,"skipped":0,"pct":25},"statements":{"total":9,"covered":6,"skipped":0,"pct":66.67},"branches":{"total":0,"covered":0,"skipped":0,"pct":100}}
,"/mnt/d/workspace/js/coreService/app/model/user.js": {"lines":{"total":34,"covered":16,"skipped":0,"pct":47.06},"functions":{"total":7,"covered":2,"skipped":0,"pct":28.57},"statements":{"total":35,"covered":16,"skipped":0,"pct":45.71},"branches":{"total":11,"covered":2,"skipped":0,"pct":18.18}}
,"/mnt/d/workspace/js/coreService/app/model/userMessage.js": {"lines":{"total":6,"covered":6,"skipped":0,"pct":100},"functions":{"total":1,"covered":1,"skipped":0,"pct":100},"statements":{"total":6,"covered":6,"skipped":0,"pct":100},"branches":{"total":0,"covered":0,"skipped":0,"pct":100}}
,"/mnt/d/workspace/js/coreService/app/model/userRanks.js": {"lines":{"total":10,"covered":7,"skipped":0,"pct":70},"functions":{"total":2,"covered":1,"skipped":0,"pct":50},"statements":{"total":11,"covered":7,"skipped":0,"pct":63.64},"branches":{"total":4,"covered":0,"skipped":0,"pct":0}}
,"/mnt/d/workspace/js/coreService/app/model/userdata.js": {"lines":{"total":11,"covered":11,"skipped":0,"pct":100},"functions":{"total":4,"covered":4,"skipped":0,"pct":100},"statements":{"total":12,"covered":12,"skipped":0,"pct":100},"branches":{"total":6,"covered":6,"skipped":0,"pct":100}}
,"/mnt/d/workspace/js/coreService/app/model/userinfo.js": {"lines":{"total":8,"covered":8,"skipped":0,"pct":100},"functions":{"total":1,"covered":1,"skipped":0,"pct":100},"statements":{"total":8,"covered":8,"skipped":0,"pct":100},"branches":{"total":0,"covered":0,"skipped":0,"pct":100}}
,"/mnt/d/workspace/js/coreService/app/model/visitor.js": {"lines":{"total":15,"covered":7,"skipped":0,"pct":46.67},"functions":{"total":2,"covered":1,"skipped":0,"pct":50},"statements":{"total":16,"covered":7,"skipped":0,"pct":43.75},"branches":{"total":4,"covered":0,"skipped":0,"pct":0}}
,"/mnt/d/workspace/js/coreService/app/model/world.js": {"lines":{"total":17,"covered":8,"skipped":0,"pct":47.06},"functions":{"total":4,"covered":1,"skipped":0,"pct":25},"statements":{"total":18,"covered":8,"skipped":0,"pct":44.44},"branches":{"total":6,"covered":0,"skipped":0,"pct":0}}
,"/mnt/d/workspace/js/coreService/app/schedule/classroom.js": {"lines":{"total":7,"covered":5,"skipped":0,"pct":71.43},"functions":{"total":2,"covered":1,"skipped":0,"pct":50},"statements":{"total":7,"covered":5,"skipped":0,"pct":71.43},"branches":{"total":0,"covered":0,"skipped":0,"pct":100}}
,"/mnt/d/workspace/js/coreService/app/schedule/index.js": {"lines":{"total":5,"covered":3,"skipped":0,"pct":60},"functions":{"total":2,"covered":1,"skipped":0,"pct":50},"statements":{"total":5,"covered":3,"skipped":0,"pct":60},"branches":{"total":0,"covered":0,"skipped":0,"pct":100}}
,"/mnt/d/workspace/js/coreService/app/schedule/log.js": {"lines":{"total":6,"covered":4,"skipped":0,"pct":66.67},"functions":{"total":2,"covered":1,"skipped":0,"pct":50},"statements":{"total":6,"covered":4,"skipped":0,"pct":66.67},"branches":{"total":0,"covered":0,"skipped":0,"pct":100}}
,"/mnt/d/workspace/js/coreService/app/service/email.js": {"lines":{"total":16,"covered":4,"skipped":0,"pct":25},"functions":{"total":4,"covered":0,"skipped":0,"pct":0},"statements":{"total":16,"covered":4,"skipped":0,"pct":25},"branches":{"total":8,"covered":0,"skipped":0,"pct":0}}
,"/mnt/d/workspace/js/coreService/app/service/loader.js": {"lines":{"total":15,"covered":4,"skipped":0,"pct":26.67},"functions":{"total":4,"covered":0,"skipped":0,"pct":0},"statements":{"total":16,"covered":4,"skipped":0,"pct":25},"branches":{"total":9,"covered":0,"skipped":0,"pct":0}}
,"/mnt/d/workspace/js/coreService/app/service/nplgame.js": {"lines":{"total":15,"covered":4,"skipped":0,"pct":26.67},"functions":{"total":3,"covered":0,"skipped":0,"pct":0},"statements":{"total":20,"covered":4,"skipped":0,"pct":20},"branches":{"total":11,"covered":0,"skipped":0,"pct":0}}
,"/mnt/d/workspace/js/coreService/app/service/pay.js": {"lines":{"total":20,"covered":5,"skipped":0,"pct":25},"functions":{"total":9,"covered":0,"skipped":0,"pct":0},"statements":{"total":23,"covered":5,"skipped":0,"pct":21.74},"branches":{"total":8,"covered":0,"skipped":0,"pct":0}}
,"/mnt/d/workspace/js/coreService/app/service/project.js": {"lines":{"total":45,"covered":6,"skipped":0,"pct":13.33},"functions":{"total":3,"covered":0,"skipped":0,"pct":0},"statements":{"total":50,"covered":6,"skipped":0,"pct":12},"branches":{"total":22,"covered":0,"skipped":0,"pct":0}}
,"/mnt/d/workspace/js/coreService/app/service/qiniu.js": {"lines":{"total":120,"covered":6,"skipped":0,"pct":5},"functions":{"total":29,"covered":0,"skipped":0,"pct":0},"statements":{"total":124,"covered":6,"skipped":0,"pct":4.84},"branches":{"total":60,"covered":0,"skipped":0,"pct":0}}
,"/mnt/d/workspace/js/coreService/app/service/sms.js": {"lines":{"total":36,"covered":6,"skipped":0,"pct":16.67},"functions":{"total":6,"covered":0,"skipped":0,"pct":0},"statements":{"total":40,"covered":6,"skipped":0,"pct":15},"branches":{"total":11,"covered":0,"skipped":0,"pct":0}}
,"/mnt/d/workspace/js/coreService/app/service/user.js": {"lines":{"total":19,"covered":19,"skipped":0,"pct":100},"functions":{"total":4,"covered":4,"skipped":0,"pct":100},"statements":{"total":22,"covered":21,"skipped":0,"pct":95.45},"branches":{"total":13,"covered":11,"skipped":0,"pct":84.62}}
,"/mnt/d/workspace/js/coreService/app/service/world.js": {"lines":{"total":58,"covered":4,"skipped":0,"pct":6.9},"functions":{"total":5,"covered":0,"skipped":0,"pct":0},"statements":{"total":58,"covered":4,"skipped":0,"pct":6.9},"branches":{"total":24,"covered":0,"skipped":0,"pct":0}}
,"/mnt/d/workspace/js/coreService/config/config.default.js": {"lines":{"total":10,"covered":9,"skipped":0,"pct":90},"functions":{"total":1,"covered":1,"skipped":0,"pct":100},"statements":{"total":10,"covered":9,"skipped":0,"pct":90},"branches":{"total":9,"covered":4,"skipped":0,"pct":44.44}}
,"/mnt/d/workspace/js/coreService/config/config.unittest.js": {"lines":{"total":5,"covered":5,"skipped":0,"pct":100},"functions":{"total":2,"covered":1,"skipped":0,"pct":50},"statements":{"total":5,"covered":5,"skipped":0,"pct":100},"branches":{"total":0,"covered":0,"skipped":0,"pct":100}}
,"/mnt/d/workspace/js/coreService/config/plugin.js": {"lines":{"total":4,"covered":4,"skipped":0,"pct":100},"functions":{"total":0,"covered":0,"skipped":0,"pct":100},"statements":{"total":4,"covered":4,"skipped":0,"pct":100},"branches":{"total":0,"covered":0,"skipped":0,"pct":100}}
}
